Line 2: Could not create reference: '{6B7E6392-850A-101B-AFC0-4210102A8DA7}#1.3#0'.
Line 37: Class ComctlLib.ListView of control ListView1 was not a loaded control class.
Line 92: Class ComctlLib.ImageList of control ImageList2 was not a loaded control class.
Line 114: Class ComctlLib.ImageList of control ImageList1 was not a loaded control class.
Line 43: The property name _ExtentX in ListView1 is invalid.
Line 44: The property name _ExtentY in ListView1 is invalid.
Line 45: The property name View in ListView1 is invalid.
Line 46: The property name LabelEdit in ListView1 is invalid.
Line 47: The property name LabelWrap in ListView1 is invalid.
Line 48: The property name HideSelection in ListView1 is invalid.
Line 49: The property name _Version in ListView1 is invalid.
Line 50: The property name Icons in ListView1 is invalid.
Line 51: The property name SmallIcons in ListView1 is invalid.
Line 56: The property name NumItems in ListView1 is invalid.
Line 62: The property name ColumnHeader(1) in ListView1 is invalid.
Line 69: The property name ColumnHeader(2) in ListView1 is invalid.
Line 76: The property name ColumnHeader(3) in ListView1 is invalid.
Line 95: The property name _ExtentX in ImageList2 is invalid.
Line 96: The property name _ExtentY in ImageList2 is invalid.
Line 98: The property name ImageWidth in ImageList2 is invalid.
Line 99: The property name ImageHeight in ImageList2 is invalid.
Line 100: The property name MaskColor in ImageList2 is invalid.
Line 101: The property name _Version in ImageList2 is invalid.
Line 112: The property name Images in ImageList2 is invalid.
Line 117: The property name _ExtentX in ImageList1 is invalid.
Line 118: The property name _ExtentY in ImageList1 is invalid.
Line 120: The property name ImageWidth in ImageList1 is invalid.
Line 121: The property name ImageHeight in ImageList1 is invalid.
Line 122: The property name MaskColor in ImageList1 is invalid.
Line 123: The property name _Version in ImageList1 is invalid.
Line 134: The property name Images in ImageList1 is invalid.
